[2023-04-04T18:25:42.780+0000] {taskinstance.py:1165} INFO - Dependencies all met for <TaskInstance: data_ingestion_final_project.bigquery_external_table_task manual__2023-04-04T18:25:08.427422+00:00 [queued]>
[2023-04-04T18:25:42.817+0000] {taskinstance.py:1165} INFO - Dependencies all met for <TaskInstance: data_ingestion_final_project.bigquery_external_table_task manual__2023-04-04T18:25:08.427422+00:00 [queued]>
[2023-04-04T18:25:42.818+0000] {taskinstance.py:1362} INFO - 
--------------------------------------------------------------------------------
[2023-04-04T18:25:42.819+0000] {taskinstance.py:1363} INFO - Starting attempt 1 of 2
[2023-04-04T18:25:42.820+0000] {taskinstance.py:1364} INFO - 
--------------------------------------------------------------------------------
[2023-04-04T18:25:42.877+0000] {taskinstance.py:1383} INFO - Executing <Task(BigQueryCreateExternalTableOperator): bigquery_external_table_task> on 2023-04-04 18:25:08.427422+00:00
[2023-04-04T18:25:42.903+0000] {standard_task_runner.py:55} INFO - Started process 162 to run task
[2023-04-04T18:25:42.925+0000] {standard_task_runner.py:82} INFO - Running: ['***', 'tasks', 'run', 'data_ingestion_final_project', 'bigquery_external_table_task', 'manual__2023-04-04T18:25:08.427422+00:00', '--job-id', '54', '--raw', '--subdir', 'DAGS_FOLDER/data_ingestion_final_project.py', '--cfg-path', '/tmp/tmpyv5cwt38']
[2023-04-04T18:25:42.930+0000] {standard_task_runner.py:83} INFO - Job 54: Subtask bigquery_external_table_task
[2023-04-04T18:25:43.133+0000] {task_command.py:376} INFO - Running <TaskInstance: data_ingestion_final_project.bigquery_external_table_task manual__2023-04-04T18:25:08.427422+00:00 [running]> on host 76d23bd3ee71
[2023-04-04T18:25:43.275+0000] {taskinstance.py:1592} INFO - Exporting the following env vars:
AIRFLOW_CTX_DAG_OWNER=***
AIRFLOW_CTX_DAG_ID=data_ingestion_final_project
AIRFLOW_CTX_TASK_ID=bigquery_external_table_task
AIRFLOW_CTX_EXECUTION_DATE=2023-04-04T18:25:08.427422+00:00
AIRFLOW_CTX_TRY_NUMBER=1
AIRFLOW_CTX_DAG_RUN_ID=manual__2023-04-04T18:25:08.427422+00:00
[2023-04-04T18:25:43.280+0000] {crypto.py:84} WARNING - empty cryptography key - values will not be stored encrypted.
[2023-04-04T18:25:43.281+0000] {base.py:71} INFO - Using connection ID 'google_cloud_default' for task execution.
[2023-04-04T18:25:43.700+0000] {taskinstance.py:1406} INFO - Marking task as SUCCESS. dag_id=data_ingestion_final_project, task_id=bigquery_external_table_task, execution_date=20230404T182508, start_date=20230404T182542, end_date=20230404T182543
[2023-04-04T18:25:43.750+0000] {local_task_job.py:159} INFO - Task exited with return code 0
[2023-04-04T18:25:43.791+0000] {taskinstance.py:2623} INFO - 1 downstream tasks scheduled from follow-on schedule check
