[2023-04-05T15:21:23.596+0000] {taskinstance.py:1165} INFO - Dependencies all met for <TaskInstance: data_ingestion_final_project.format_to_parquet_task manual__2023-04-05T15:21:08.268943+00:00 [queued]>
[2023-04-05T15:21:23.629+0000] {taskinstance.py:1165} INFO - Dependencies all met for <TaskInstance: data_ingestion_final_project.format_to_parquet_task manual__2023-04-05T15:21:08.268943+00:00 [queued]>
[2023-04-05T15:21:23.629+0000] {taskinstance.py:1362} INFO - 
--------------------------------------------------------------------------------
[2023-04-05T15:21:23.630+0000] {taskinstance.py:1363} INFO - Starting attempt 1 of 2
[2023-04-05T15:21:23.631+0000] {taskinstance.py:1364} INFO - 
--------------------------------------------------------------------------------
[2023-04-05T15:21:23.653+0000] {taskinstance.py:1383} INFO - Executing <Task(PythonOperator): format_to_parquet_task> on 2023-04-05 15:21:08.268943+00:00
[2023-04-05T15:21:23.665+0000] {standard_task_runner.py:55} INFO - Started process 136 to run task
[2023-04-05T15:21:23.673+0000] {standard_task_runner.py:82} INFO - Running: ['***', 'tasks', 'run', 'data_ingestion_final_project', 'format_to_parquet_task', 'manual__2023-04-05T15:21:08.268943+00:00', '--job-id', '60', '--raw', '--subdir', 'DAGS_FOLDER/data_ingestion_final_project.py', '--cfg-path', '/tmp/tmpz7i4js7d']
[2023-04-05T15:21:23.677+0000] {standard_task_runner.py:83} INFO - Job 60: Subtask format_to_parquet_task
[2023-04-05T15:21:23.778+0000] {task_command.py:376} INFO - Running <TaskInstance: data_ingestion_final_project.format_to_parquet_task manual__2023-04-05T15:21:08.268943+00:00 [running]> on host ae435b447a44
[2023-04-05T15:21:23.925+0000] {taskinstance.py:1592} INFO - Exporting the following env vars:
AIRFLOW_CTX_DAG_OWNER=***
AIRFLOW_CTX_DAG_ID=data_ingestion_final_project
AIRFLOW_CTX_TASK_ID=format_to_parquet_task
AIRFLOW_CTX_EXECUTION_DATE=2023-04-05T15:21:08.268943+00:00
AIRFLOW_CTX_TRY_NUMBER=1
AIRFLOW_CTX_DAG_RUN_ID=manual__2023-04-05T15:21:08.268943+00:00
[2023-04-05T15:21:24.395+0000] {python.py:177} INFO - Done. Returned value was: None
[2023-04-05T15:21:24.437+0000] {taskinstance.py:1406} INFO - Marking task as SUCCESS. dag_id=data_ingestion_final_project, task_id=format_to_parquet_task, execution_date=20230405T152108, start_date=20230405T152123, end_date=20230405T152124
[2023-04-05T15:21:24.532+0000] {local_task_job.py:159} INFO - Task exited with return code 0
[2023-04-05T15:21:24.606+0000] {taskinstance.py:2623} INFO - 1 downstream tasks scheduled from follow-on schedule check
