[2023-04-05T15:21:27.357+0000] {taskinstance.py:1165} INFO - Dependencies all met for <TaskInstance: data_ingestion_final_project.local_to_gcs_task manual__2023-04-05T15:21:08.268943+00:00 [queued]>
[2023-04-05T15:21:27.402+0000] {taskinstance.py:1165} INFO - Dependencies all met for <TaskInstance: data_ingestion_final_project.local_to_gcs_task manual__2023-04-05T15:21:08.268943+00:00 [queued]>
[2023-04-05T15:21:27.403+0000] {taskinstance.py:1362} INFO - 
--------------------------------------------------------------------------------
[2023-04-05T15:21:27.403+0000] {taskinstance.py:1363} INFO - Starting attempt 1 of 2
[2023-04-05T15:21:27.403+0000] {taskinstance.py:1364} INFO - 
--------------------------------------------------------------------------------
[2023-04-05T15:21:27.460+0000] {taskinstance.py:1383} INFO - Executing <Task(PythonOperator): local_to_gcs_task> on 2023-04-05 15:21:08.268943+00:00
[2023-04-05T15:21:27.485+0000] {standard_task_runner.py:55} INFO - Started process 142 to run task
[2023-04-05T15:21:27.518+0000] {standard_task_runner.py:82} INFO - Running: ['***', 'tasks', 'run', 'data_ingestion_final_project', 'local_to_gcs_task', 'manual__2023-04-05T15:21:08.268943+00:00', '--job-id', '61', '--raw', '--subdir', 'DAGS_FOLDER/data_ingestion_final_project.py', '--cfg-path', '/tmp/tmpbs4t78ox']
[2023-04-05T15:21:27.533+0000] {standard_task_runner.py:83} INFO - Job 61: Subtask local_to_gcs_task
[2023-04-05T15:21:27.786+0000] {task_command.py:376} INFO - Running <TaskInstance: data_ingestion_final_project.local_to_gcs_task manual__2023-04-05T15:21:08.268943+00:00 [running]> on host ae435b447a44
[2023-04-05T15:21:27.952+0000] {taskinstance.py:1592} INFO - Exporting the following env vars:
AIRFLOW_CTX_DAG_OWNER=***
AIRFLOW_CTX_DAG_ID=data_ingestion_final_project
AIRFLOW_CTX_TASK_ID=local_to_gcs_task
AIRFLOW_CTX_EXECUTION_DATE=2023-04-05T15:21:08.268943+00:00
AIRFLOW_CTX_TRY_NUMBER=1
AIRFLOW_CTX_DAG_RUN_ID=manual__2023-04-05T15:21:08.268943+00:00
[2023-04-05T15:21:28.424+0000] {python.py:177} INFO - Done. Returned value was: None
[2023-04-05T15:21:28.447+0000] {taskinstance.py:1406} INFO - Marking task as SUCCESS. dag_id=data_ingestion_final_project, task_id=local_to_gcs_task, execution_date=20230405T152108, start_date=20230405T152127, end_date=20230405T152128
[2023-04-05T15:21:28.529+0000] {local_task_job.py:159} INFO - Task exited with return code 0
[2023-04-05T15:21:28.599+0000] {taskinstance.py:2623} INFO - 1 downstream tasks scheduled from follow-on schedule check
