[2023-04-04T17:34:54.391+0000] {taskinstance.py:1165} INFO - Dependencies all met for <TaskInstance: data_ingestion_final_project.format_to_parquet_task manual__2023-04-04T17:34:37.596110+00:00 [queued]>
[2023-04-04T17:34:54.413+0000] {taskinstance.py:1165} INFO - Dependencies all met for <TaskInstance: data_ingestion_final_project.format_to_parquet_task manual__2023-04-04T17:34:37.596110+00:00 [queued]>
[2023-04-04T17:34:54.413+0000] {taskinstance.py:1362} INFO - 
--------------------------------------------------------------------------------
[2023-04-04T17:34:54.413+0000] {taskinstance.py:1363} INFO - Starting attempt 1 of 2
[2023-04-04T17:34:54.413+0000] {taskinstance.py:1364} INFO - 
--------------------------------------------------------------------------------
[2023-04-04T17:34:54.447+0000] {taskinstance.py:1383} INFO - Executing <Task(PythonOperator): format_to_parquet_task> on 2023-04-04 17:34:37.596110+00:00
[2023-04-04T17:34:54.460+0000] {standard_task_runner.py:55} INFO - Started process 133 to run task
[2023-04-04T17:34:54.469+0000] {standard_task_runner.py:82} INFO - Running: ['***', 'tasks', 'run', 'data_ingestion_final_project', 'format_to_parquet_task', 'manual__2023-04-04T17:34:37.596110+00:00', '--job-id', '36', '--raw', '--subdir', 'DAGS_FOLDER/data_ingestion_final_project.py', '--cfg-path', '/tmp/tmp7r7cm5e1']
[2023-04-04T17:34:54.473+0000] {standard_task_runner.py:83} INFO - Job 36: Subtask format_to_parquet_task
[2023-04-04T17:34:54.614+0000] {task_command.py:376} INFO - Running <TaskInstance: data_ingestion_final_project.format_to_parquet_task manual__2023-04-04T17:34:37.596110+00:00 [running]> on host 87ed9d2b4721
[2023-04-04T17:34:54.778+0000] {taskinstance.py:1592} INFO - Exporting the following env vars:
AIRFLOW_CTX_DAG_OWNER=***
AIRFLOW_CTX_DAG_ID=data_ingestion_final_project
AIRFLOW_CTX_TASK_ID=format_to_parquet_task
AIRFLOW_CTX_EXECUTION_DATE=2023-04-04T17:34:37.596110+00:00
AIRFLOW_CTX_TRY_NUMBER=1
AIRFLOW_CTX_DAG_RUN_ID=manual__2023-04-04T17:34:37.596110+00:00
[2023-04-04T17:34:55.401+0000] {python.py:177} INFO - Done. Returned value was: None
[2023-04-04T17:34:55.427+0000] {taskinstance.py:1406} INFO - Marking task as SUCCESS. dag_id=data_ingestion_final_project, task_id=format_to_parquet_task, execution_date=20230404T173437, start_date=20230404T173454, end_date=20230404T173455
[2023-04-04T17:34:55.519+0000] {local_task_job.py:159} INFO - Task exited with return code 0
[2023-04-04T17:34:55.594+0000] {taskinstance.py:2623} INFO - 1 downstream tasks scheduled from follow-on schedule check
