[2023-04-04T18:25:30.308+0000] {taskinstance.py:1165} INFO - Dependencies all met for <TaskInstance: data_ingestion_final_project.format_to_parquet_task manual__2023-04-04T18:25:08.427422+00:00 [queued]>
[2023-04-04T18:25:30.385+0000] {taskinstance.py:1165} INFO - Dependencies all met for <TaskInstance: data_ingestion_final_project.format_to_parquet_task manual__2023-04-04T18:25:08.427422+00:00 [queued]>
[2023-04-04T18:25:30.386+0000] {taskinstance.py:1362} INFO - 
--------------------------------------------------------------------------------
[2023-04-04T18:25:30.388+0000] {taskinstance.py:1363} INFO - Starting attempt 1 of 2
[2023-04-04T18:25:30.388+0000] {taskinstance.py:1364} INFO - 
--------------------------------------------------------------------------------
[2023-04-04T18:25:30.444+0000] {taskinstance.py:1383} INFO - Executing <Task(PythonOperator): format_to_parquet_task> on 2023-04-04 18:25:08.427422+00:00
[2023-04-04T18:25:30.480+0000] {standard_task_runner.py:55} INFO - Started process 153 to run task
[2023-04-04T18:25:30.514+0000] {standard_task_runner.py:82} INFO - Running: ['***', 'tasks', 'run', 'data_ingestion_final_project', 'format_to_parquet_task', 'manual__2023-04-04T18:25:08.427422+00:00', '--job-id', '52', '--raw', '--subdir', 'DAGS_FOLDER/data_ingestion_final_project.py', '--cfg-path', '/tmp/tmp53lxu4hf']
[2023-04-04T18:25:30.536+0000] {standard_task_runner.py:83} INFO - Job 52: Subtask format_to_parquet_task
[2023-04-04T18:25:30.916+0000] {task_command.py:376} INFO - Running <TaskInstance: data_ingestion_final_project.format_to_parquet_task manual__2023-04-04T18:25:08.427422+00:00 [running]> on host 76d23bd3ee71
[2023-04-04T18:25:31.481+0000] {taskinstance.py:1592} INFO - Exporting the following env vars:
AIRFLOW_CTX_DAG_OWNER=***
AIRFLOW_CTX_DAG_ID=data_ingestion_final_project
AIRFLOW_CTX_TASK_ID=format_to_parquet_task
AIRFLOW_CTX_EXECUTION_DATE=2023-04-04T18:25:08.427422+00:00
AIRFLOW_CTX_TRY_NUMBER=1
AIRFLOW_CTX_DAG_RUN_ID=manual__2023-04-04T18:25:08.427422+00:00
[2023-04-04T18:25:33.230+0000] {python.py:177} INFO - Done. Returned value was: None
[2023-04-04T18:25:33.310+0000] {taskinstance.py:1406} INFO - Marking task as SUCCESS. dag_id=data_ingestion_final_project, task_id=format_to_parquet_task, execution_date=20230404T182508, start_date=20230404T182530, end_date=20230404T182533
[2023-04-04T18:25:33.550+0000] {local_task_job.py:159} INFO - Task exited with return code 0
[2023-04-04T18:25:33.831+0000] {taskinstance.py:2623} INFO - 0 downstream tasks scheduled from follow-on schedule check
