[2023-04-04T16:37:08.195+0000] {taskinstance.py:1165} INFO - Dependencies all met for <TaskInstance: data_ingestion_final_project.run_dbt_task manual__2023-04-04T16:36:38.653820+00:00 [queued]>
[2023-04-04T16:37:08.211+0000] {taskinstance.py:1165} INFO - Dependencies all met for <TaskInstance: data_ingestion_final_project.run_dbt_task manual__2023-04-04T16:36:38.653820+00:00 [queued]>
[2023-04-04T16:37:08.211+0000] {taskinstance.py:1362} INFO - 
--------------------------------------------------------------------------------
[2023-04-04T16:37:08.212+0000] {taskinstance.py:1363} INFO - Starting attempt 1 of 2
[2023-04-04T16:37:08.212+0000] {taskinstance.py:1364} INFO - 
--------------------------------------------------------------------------------
[2023-04-04T16:37:08.234+0000] {taskinstance.py:1383} INFO - Executing <Task(BashOperator): run_dbt_task> on 2023-04-04 16:36:38.653820+00:00
[2023-04-04T16:37:08.246+0000] {standard_task_runner.py:55} INFO - Started process 212 to run task
[2023-04-04T16:37:08.253+0000] {standard_task_runner.py:82} INFO - Running: ['***', 'tasks', 'run', 'data_ingestion_final_project', 'run_dbt_task', 'manual__2023-04-04T16:36:38.653820+00:00', '--job-id', '24', '--raw', '--subdir', 'DAGS_FOLDER/data_ingestion_final_project.py', '--cfg-path', '/tmp/tmpw1zcwgbb']
[2023-04-04T16:37:08.257+0000] {standard_task_runner.py:83} INFO - Job 24: Subtask run_dbt_task
[2023-04-04T16:37:08.355+0000] {task_command.py:376} INFO - Running <TaskInstance: data_ingestion_final_project.run_dbt_task manual__2023-04-04T16:36:38.653820+00:00 [running]> on host 1b30c6ed6c4c
[2023-04-04T16:37:08.459+0000] {taskinstance.py:1592} INFO - Exporting the following env vars:
AIRFLOW_CTX_DAG_OWNER=***
AIRFLOW_CTX_DAG_ID=data_ingestion_final_project
AIRFLOW_CTX_TASK_ID=run_dbt_task
AIRFLOW_CTX_EXECUTION_DATE=2023-04-04T16:36:38.653820+00:00
AIRFLOW_CTX_TRY_NUMBER=1
AIRFLOW_CTX_DAG_RUN_ID=manual__2023-04-04T16:36:38.653820+00:00
[2023-04-04T16:37:08.462+0000] {subprocess.py:63} INFO - Tmp dir root location: 
 /tmp
[2023-04-04T16:37:08.464+0000] {subprocess.py:75} INFO - Running command: ['/bin/bash', '-c', 'echo']
[2023-04-04T16:37:08.487+0000] {subprocess.py:86} INFO - Output:
[2023-04-04T16:37:08.490+0000] {subprocess.py:93} INFO - 
[2023-04-04T16:37:08.492+0000] {subprocess.py:97} INFO - Command exited with return code 0
[2023-04-04T16:37:08.533+0000] {taskinstance.py:1406} INFO - Marking task as SUCCESS. dag_id=data_ingestion_final_project, task_id=run_dbt_task, execution_date=20230404T163638, start_date=20230404T163708, end_date=20230404T163708
[2023-04-04T16:37:08.587+0000] {local_task_job.py:159} INFO - Task exited with return code 0
[2023-04-04T16:37:08.615+0000] {taskinstance.py:2623} INFO - 0 downstream tasks scheduled from follow-on schedule check
