[2023-04-04T17:15:32.736+0000] {taskinstance.py:1165} INFO - Dependencies all met for <TaskInstance: data_ingestion_final_project.format_to_parquet_task manual__2023-04-04T17:15:20.379039+00:00 [queued]>
[2023-04-04T17:15:32.762+0000] {taskinstance.py:1165} INFO - Dependencies all met for <TaskInstance: data_ingestion_final_project.format_to_parquet_task manual__2023-04-04T17:15:20.379039+00:00 [queued]>
[2023-04-04T17:15:32.762+0000] {taskinstance.py:1362} INFO - 
--------------------------------------------------------------------------------
[2023-04-04T17:15:32.763+0000] {taskinstance.py:1363} INFO - Starting attempt 1 of 2
[2023-04-04T17:15:32.763+0000] {taskinstance.py:1364} INFO - 
--------------------------------------------------------------------------------
[2023-04-04T17:15:32.798+0000] {taskinstance.py:1383} INFO - Executing <Task(PythonOperator): format_to_parquet_task> on 2023-04-04 17:15:20.379039+00:00
[2023-04-04T17:15:32.811+0000] {standard_task_runner.py:55} INFO - Started process 178 to run task
[2023-04-04T17:15:32.824+0000] {standard_task_runner.py:82} INFO - Running: ['***', 'tasks', 'run', 'data_ingestion_final_project', 'format_to_parquet_task', 'manual__2023-04-04T17:15:20.379039+00:00', '--job-id', '28', '--raw', '--subdir', 'DAGS_FOLDER/data_ingestion_final_project.py', '--cfg-path', '/tmp/tmp162ab108']
[2023-04-04T17:15:32.829+0000] {standard_task_runner.py:83} INFO - Job 28: Subtask format_to_parquet_task
[2023-04-04T17:15:32.977+0000] {task_command.py:376} INFO - Running <TaskInstance: data_ingestion_final_project.format_to_parquet_task manual__2023-04-04T17:15:20.379039+00:00 [running]> on host a1367534639c
[2023-04-04T17:15:33.257+0000] {taskinstance.py:1592} INFO - Exporting the following env vars:
AIRFLOW_CTX_DAG_OWNER=***
AIRFLOW_CTX_DAG_ID=data_ingestion_final_project
AIRFLOW_CTX_TASK_ID=format_to_parquet_task
AIRFLOW_CTX_EXECUTION_DATE=2023-04-04T17:15:20.379039+00:00
AIRFLOW_CTX_TRY_NUMBER=1
AIRFLOW_CTX_DAG_RUN_ID=manual__2023-04-04T17:15:20.379039+00:00
[2023-04-04T17:15:34.620+0000] {python.py:177} INFO - Done. Returned value was: None
[2023-04-04T17:15:34.675+0000] {taskinstance.py:1406} INFO - Marking task as SUCCESS. dag_id=data_ingestion_final_project, task_id=format_to_parquet_task, execution_date=20230404T171520, start_date=20230404T171532, end_date=20230404T171534
[2023-04-04T17:15:34.827+0000] {local_task_job.py:159} INFO - Task exited with return code 0
[2023-04-04T17:15:34.950+0000] {taskinstance.py:2623} INFO - 1 downstream tasks scheduled from follow-on schedule check
