[2023-04-05T15:21:15.775+0000] {taskinstance.py:1165} INFO - Dependencies all met for <TaskInstance: data_ingestion_final_project.download_dataset_task manual__2023-04-05T15:21:08.268943+00:00 [queued]>
[2023-04-05T15:21:15.795+0000] {taskinstance.py:1165} INFO - Dependencies all met for <TaskInstance: data_ingestion_final_project.download_dataset_task manual__2023-04-05T15:21:08.268943+00:00 [queued]>
[2023-04-05T15:21:15.796+0000] {taskinstance.py:1362} INFO - 
--------------------------------------------------------------------------------
[2023-04-05T15:21:15.797+0000] {taskinstance.py:1363} INFO - Starting attempt 1 of 2
[2023-04-05T15:21:15.797+0000] {taskinstance.py:1364} INFO - 
--------------------------------------------------------------------------------
[2023-04-05T15:21:15.832+0000] {taskinstance.py:1383} INFO - Executing <Task(BashOperator): download_dataset_task> on 2023-04-05 15:21:08.268943+00:00
[2023-04-05T15:21:15.845+0000] {standard_task_runner.py:55} INFO - Started process 115 to run task
[2023-04-05T15:21:15.854+0000] {standard_task_runner.py:82} INFO - Running: ['***', 'tasks', 'run', 'data_ingestion_final_project', 'download_dataset_task', 'manual__2023-04-05T15:21:08.268943+00:00', '--job-id', '59', '--raw', '--subdir', 'DAGS_FOLDER/data_ingestion_final_project.py', '--cfg-path', '/tmp/tmpq2p8xrct']
[2023-04-05T15:21:15.859+0000] {standard_task_runner.py:83} INFO - Job 59: Subtask download_dataset_task
[2023-04-05T15:21:15.988+0000] {task_command.py:376} INFO - Running <TaskInstance: data_ingestion_final_project.download_dataset_task manual__2023-04-05T15:21:08.268943+00:00 [running]> on host ae435b447a44
[2023-04-05T15:21:16.138+0000] {taskinstance.py:1592} INFO - Exporting the following env vars:
AIRFLOW_CTX_DAG_OWNER=***
AIRFLOW_CTX_DAG_ID=data_ingestion_final_project
AIRFLOW_CTX_TASK_ID=download_dataset_task
AIRFLOW_CTX_EXECUTION_DATE=2023-04-05T15:21:08.268943+00:00
AIRFLOW_CTX_TRY_NUMBER=1
AIRFLOW_CTX_DAG_RUN_ID=manual__2023-04-05T15:21:08.268943+00:00
[2023-04-05T15:21:16.141+0000] {subprocess.py:63} INFO - Tmp dir root location: 
 /tmp
[2023-04-05T15:21:16.142+0000] {subprocess.py:75} INFO - Running command: ['/bin/bash', '-c', '#!/bin/bash\nfileid="1Fab7jePW3LKFUNyJf2BoH6ywrDiXatNt"\nfilename="bank_marketing.csv"\nhtml=`curl -c ./cookie -s -L "https://drive.google.com/uc?export=download&id=${fileid}"`\ncurl -Lb ./cookie "https://drive.google.com/uc?export=download&`echo ${html}|grep -Po \'(confirm=[a-zA-Z0-9\\-_]+)\'`&id=${fileid}" -o "/opt/***/${filename}"']
[2023-04-05T15:21:16.170+0000] {subprocess.py:86} INFO - Output:
[2023-04-05T15:21:19.316+0000] {subprocess.py:93} INFO -   % Total    % Received % Xferd  Average Speed   Time    Time     Time  Current
[2023-04-05T15:21:19.320+0000] {subprocess.py:93} INFO -                                  Dload  Upload   Total   Spent    Left  Speed
[2023-04-05T15:21:19.573+0000] {subprocess.py:93} INFO -   0     0    0     0    0     0      0      0 --:--:-- --:--:-- --:--:--     0  0     0    0     0    0     0      0      0 --:--:-- --:--:-- --:--:--     0
[2023-04-05T15:21:19.821+0000] {subprocess.py:93} INFO - 100 5264k  100 5264k    0     0   9.9M      0 --:--:-- --:--:-- --:--:--  9.9M
[2023-04-05T15:21:19.828+0000] {subprocess.py:97} INFO - Command exited with return code 0
[2023-04-05T15:21:19.904+0000] {taskinstance.py:1406} INFO - Marking task as SUCCESS. dag_id=data_ingestion_final_project, task_id=download_dataset_task, execution_date=20230405T152108, start_date=20230405T152115, end_date=20230405T152119
[2023-04-05T15:21:20.027+0000] {local_task_job.py:159} INFO - Task exited with return code 0
[2023-04-05T15:21:20.205+0000] {taskinstance.py:2623} INFO - 1 downstream tasks scheduled from follow-on schedule check
