[2023-04-04T16:37:00.158+0000] {taskinstance.py:1165} INFO - Dependencies all met for <TaskInstance: data_ingestion_final_project.local_to_gcs_task manual__2023-04-04T16:36:38.653820+00:00 [queued]>
[2023-04-04T16:37:00.173+0000] {taskinstance.py:1165} INFO - Dependencies all met for <TaskInstance: data_ingestion_final_project.local_to_gcs_task manual__2023-04-04T16:36:38.653820+00:00 [queued]>
[2023-04-04T16:37:00.174+0000] {taskinstance.py:1362} INFO - 
--------------------------------------------------------------------------------
[2023-04-04T16:37:00.174+0000] {taskinstance.py:1363} INFO - Starting attempt 1 of 2
[2023-04-04T16:37:00.174+0000] {taskinstance.py:1364} INFO - 
--------------------------------------------------------------------------------
[2023-04-04T16:37:00.196+0000] {taskinstance.py:1383} INFO - Executing <Task(PythonOperator): local_to_gcs_task> on 2023-04-04 16:36:38.653820+00:00
[2023-04-04T16:37:00.209+0000] {standard_task_runner.py:55} INFO - Started process 197 to run task
[2023-04-04T16:37:00.217+0000] {standard_task_runner.py:82} INFO - Running: ['***', 'tasks', 'run', 'data_ingestion_final_project', 'local_to_gcs_task', 'manual__2023-04-04T16:36:38.653820+00:00', '--job-id', '22', '--raw', '--subdir', 'DAGS_FOLDER/data_ingestion_final_project.py', '--cfg-path', '/tmp/tmpzbskas7x']
[2023-04-04T16:37:00.220+0000] {standard_task_runner.py:83} INFO - Job 22: Subtask local_to_gcs_task
[2023-04-04T16:37:00.314+0000] {task_command.py:376} INFO - Running <TaskInstance: data_ingestion_final_project.local_to_gcs_task manual__2023-04-04T16:36:38.653820+00:00 [running]> on host 1b30c6ed6c4c
[2023-04-04T16:37:00.430+0000] {taskinstance.py:1592} INFO - Exporting the following env vars:
AIRFLOW_CTX_DAG_OWNER=***
AIRFLOW_CTX_DAG_ID=data_ingestion_final_project
AIRFLOW_CTX_TASK_ID=local_to_gcs_task
AIRFLOW_CTX_EXECUTION_DATE=2023-04-04T16:36:38.653820+00:00
AIRFLOW_CTX_TRY_NUMBER=1
AIRFLOW_CTX_DAG_RUN_ID=manual__2023-04-04T16:36:38.653820+00:00
[2023-04-04T16:37:00.759+0000] {python.py:177} INFO - Done. Returned value was: None
[2023-04-04T16:37:00.776+0000] {taskinstance.py:1406} INFO - Marking task as SUCCESS. dag_id=data_ingestion_final_project, task_id=local_to_gcs_task, execution_date=20230404T163638, start_date=20230404T163700, end_date=20230404T163700
[2023-04-04T16:37:00.839+0000] {local_task_job.py:159} INFO - Task exited with return code 0
[2023-04-04T16:37:00.892+0000] {taskinstance.py:2623} INFO - 1 downstream tasks scheduled from follow-on schedule check
