[2023-04-04T17:15:26.597+0000] {taskinstance.py:1165} INFO - Dependencies all met for <TaskInstance: data_ingestion_final_project.download_dataset_task manual__2023-04-04T17:15:20.379039+00:00 [queued]>
[2023-04-04T17:15:26.611+0000] {taskinstance.py:1165} INFO - Dependencies all met for <TaskInstance: data_ingestion_final_project.download_dataset_task manual__2023-04-04T17:15:20.379039+00:00 [queued]>
[2023-04-04T17:15:26.612+0000] {taskinstance.py:1362} INFO - 
--------------------------------------------------------------------------------
[2023-04-04T17:15:26.612+0000] {taskinstance.py:1363} INFO - Starting attempt 1 of 2
[2023-04-04T17:15:26.612+0000] {taskinstance.py:1364} INFO - 
--------------------------------------------------------------------------------
[2023-04-04T17:15:26.633+0000] {taskinstance.py:1383} INFO - Executing <Task(BashOperator): download_dataset_task> on 2023-04-04 17:15:20.379039+00:00
[2023-04-04T17:15:26.645+0000] {standard_task_runner.py:55} INFO - Started process 158 to run task
[2023-04-04T17:15:26.653+0000] {standard_task_runner.py:82} INFO - Running: ['***', 'tasks', 'run', 'data_ingestion_final_project', 'download_dataset_task', 'manual__2023-04-04T17:15:20.379039+00:00', '--job-id', '27', '--raw', '--subdir', 'DAGS_FOLDER/data_ingestion_final_project.py', '--cfg-path', '/tmp/tmpqxfx3l91']
[2023-04-04T17:15:26.657+0000] {standard_task_runner.py:83} INFO - Job 27: Subtask download_dataset_task
[2023-04-04T17:15:26.761+0000] {task_command.py:376} INFO - Running <TaskInstance: data_ingestion_final_project.download_dataset_task manual__2023-04-04T17:15:20.379039+00:00 [running]> on host a1367534639c
[2023-04-04T17:15:26.888+0000] {taskinstance.py:1592} INFO - Exporting the following env vars:
AIRFLOW_CTX_DAG_OWNER=***
AIRFLOW_CTX_DAG_ID=data_ingestion_final_project
AIRFLOW_CTX_TASK_ID=download_dataset_task
AIRFLOW_CTX_EXECUTION_DATE=2023-04-04T17:15:20.379039+00:00
AIRFLOW_CTX_TRY_NUMBER=1
AIRFLOW_CTX_DAG_RUN_ID=manual__2023-04-04T17:15:20.379039+00:00
[2023-04-04T17:15:26.894+0000] {subprocess.py:63} INFO - Tmp dir root location: 
 /tmp
[2023-04-04T17:15:26.895+0000] {subprocess.py:75} INFO - Running command: ['/bin/bash', '-c', '#!/bin/bash\nfileid="1Fab7jePW3LKFUNyJf2BoH6ywrDiXatNt"\nfilename="bank_marketing.csv"\nhtml=`curl -c ./cookie -s -L "https://drive.google.com/uc?export=download&id=${fileid}"`\ncurl -Lb ./cookie "https://drive.google.com/uc?export=download&`echo ${html}|grep -Po \'(confirm=[a-zA-Z0-9\\-_]+)\'`&id=${fileid}" -o "/opt/***/${filename}"']
[2023-04-04T17:15:26.926+0000] {subprocess.py:86} INFO - Output:
[2023-04-04T17:15:28.633+0000] {subprocess.py:93} INFO -   % Total    % Received % Xferd  Average Speed   Time    Time     Time  Current
[2023-04-04T17:15:28.635+0000] {subprocess.py:93} INFO -                                  Dload  Upload   Total   Spent    Left  Speed
[2023-04-04T17:15:29.136+0000] {subprocess.py:93} INFO -   0     0    0     0    0     0      0      0 --:--:-- --:--:-- --:--:--     0  0     0    0     0    0     0      0      0 --:--:-- --:--:-- --:--:--     0
[2023-04-04T17:15:29.327+0000] {subprocess.py:93} INFO -  40 5264k   40 2112k    0     0  3185k      0  0:00:01 --:--:--  0:00:01 3185k100 5264k  100 5264k    0     0  7585k      0 --:--:-- --:--:-- --:--:-- 99.3M
[2023-04-04T17:15:29.338+0000] {subprocess.py:97} INFO - Command exited with return code 0
[2023-04-04T17:15:29.420+0000] {taskinstance.py:1406} INFO - Marking task as SUCCESS. dag_id=data_ingestion_final_project, task_id=download_dataset_task, execution_date=20230404T171520, start_date=20230404T171526, end_date=20230404T171529
[2023-04-04T17:15:29.489+0000] {local_task_job.py:159} INFO - Task exited with return code 0
[2023-04-04T17:15:29.553+0000] {taskinstance.py:2623} INFO - 1 downstream tasks scheduled from follow-on schedule check
