[2023-04-04T16:10:58.698+0000] {taskinstance.py:1165} INFO - Dependencies all met for <TaskInstance: data_ingestion_final_project.format_to_parquet_task manual__2023-04-04T16:10:37.656997+00:00 [queued]>
[2023-04-04T16:10:58.727+0000] {taskinstance.py:1165} INFO - Dependencies all met for <TaskInstance: data_ingestion_final_project.format_to_parquet_task manual__2023-04-04T16:10:37.656997+00:00 [queued]>
[2023-04-04T16:10:58.727+0000] {taskinstance.py:1362} INFO - 
--------------------------------------------------------------------------------
[2023-04-04T16:10:58.728+0000] {taskinstance.py:1363} INFO - Starting attempt 1 of 2
[2023-04-04T16:10:58.728+0000] {taskinstance.py:1364} INFO - 
--------------------------------------------------------------------------------
[2023-04-04T16:10:58.768+0000] {taskinstance.py:1383} INFO - Executing <Task(PythonOperator): format_to_parquet_task> on 2023-04-04 16:10:37.656997+00:00
[2023-04-04T16:10:58.784+0000] {standard_task_runner.py:55} INFO - Started process 181 to run task
[2023-04-04T16:10:58.799+0000] {standard_task_runner.py:82} INFO - Running: ['***', 'tasks', 'run', 'data_ingestion_final_project', 'format_to_parquet_task', 'manual__2023-04-04T16:10:37.656997+00:00', '--job-id', '11', '--raw', '--subdir', 'DAGS_FOLDER/data_ingestion_final_project.py', '--cfg-path', '/tmp/tmph_2yevds']
[2023-04-04T16:10:58.804+0000] {standard_task_runner.py:83} INFO - Job 11: Subtask format_to_parquet_task
[2023-04-04T16:10:58.960+0000] {task_command.py:376} INFO - Running <TaskInstance: data_ingestion_final_project.format_to_parquet_task manual__2023-04-04T16:10:37.656997+00:00 [running]> on host bb82a7fe3892
[2023-04-04T16:10:59.161+0000] {taskinstance.py:1592} INFO - Exporting the following env vars:
AIRFLOW_CTX_DAG_OWNER=***
AIRFLOW_CTX_DAG_ID=data_ingestion_final_project
AIRFLOW_CTX_TASK_ID=format_to_parquet_task
AIRFLOW_CTX_EXECUTION_DATE=2023-04-04T16:10:37.656997+00:00
AIRFLOW_CTX_TRY_NUMBER=1
AIRFLOW_CTX_DAG_RUN_ID=manual__2023-04-04T16:10:37.656997+00:00
[2023-04-04T16:10:59.818+0000] {python.py:177} INFO - Done. Returned value was: None
[2023-04-04T16:10:59.835+0000] {taskinstance.py:1406} INFO - Marking task as SUCCESS. dag_id=data_ingestion_final_project, task_id=format_to_parquet_task, execution_date=20230404T161037, start_date=20230404T161058, end_date=20230404T161059
[2023-04-04T16:10:59.900+0000] {local_task_job.py:159} INFO - Task exited with return code 0
[2023-04-04T16:10:59.952+0000] {taskinstance.py:2623} INFO - 1 downstream tasks scheduled from follow-on schedule check
