[2023-04-04T17:35:03.325+0000] {taskinstance.py:1165} INFO - Dependencies all met for <TaskInstance: data_ingestion_final_project.bigquery_external_table_task manual__2023-04-04T17:34:37.596110+00:00 [queued]>
[2023-04-04T17:35:03.359+0000] {taskinstance.py:1165} INFO - Dependencies all met for <TaskInstance: data_ingestion_final_project.bigquery_external_table_task manual__2023-04-04T17:34:37.596110+00:00 [queued]>
[2023-04-04T17:35:03.361+0000] {taskinstance.py:1362} INFO - 
--------------------------------------------------------------------------------
[2023-04-04T17:35:03.362+0000] {taskinstance.py:1363} INFO - Starting attempt 1 of 2
[2023-04-04T17:35:03.363+0000] {taskinstance.py:1364} INFO - 
--------------------------------------------------------------------------------
[2023-04-04T17:35:03.402+0000] {taskinstance.py:1383} INFO - Executing <Task(BigQueryCreateExternalTableOperator): bigquery_external_table_task> on 2023-04-04 17:34:37.596110+00:00
[2023-04-04T17:35:03.416+0000] {standard_task_runner.py:55} INFO - Started process 152 to run task
[2023-04-04T17:35:03.431+0000] {standard_task_runner.py:82} INFO - Running: ['***', 'tasks', 'run', 'data_ingestion_final_project', 'bigquery_external_table_task', 'manual__2023-04-04T17:34:37.596110+00:00', '--job-id', '38', '--raw', '--subdir', 'DAGS_FOLDER/data_ingestion_final_project.py', '--cfg-path', '/tmp/tmp1a98hvw8']
[2023-04-04T17:35:03.436+0000] {standard_task_runner.py:83} INFO - Job 38: Subtask bigquery_external_table_task
[2023-04-04T17:35:03.588+0000] {task_command.py:376} INFO - Running <TaskInstance: data_ingestion_final_project.bigquery_external_table_task manual__2023-04-04T17:34:37.596110+00:00 [running]> on host 87ed9d2b4721
[2023-04-04T17:35:03.782+0000] {taskinstance.py:1592} INFO - Exporting the following env vars:
AIRFLOW_CTX_DAG_OWNER=***
AIRFLOW_CTX_DAG_ID=data_ingestion_final_project
AIRFLOW_CTX_TASK_ID=bigquery_external_table_task
AIRFLOW_CTX_EXECUTION_DATE=2023-04-04T17:34:37.596110+00:00
AIRFLOW_CTX_TRY_NUMBER=1
AIRFLOW_CTX_DAG_RUN_ID=manual__2023-04-04T17:34:37.596110+00:00
[2023-04-04T17:35:03.785+0000] {crypto.py:84} WARNING - empty cryptography key - values will not be stored encrypted.
[2023-04-04T17:35:03.787+0000] {base.py:71} INFO - Using connection ID 'google_cloud_default' for task execution.
[2023-04-04T17:35:04.213+0000] {taskinstance.py:1406} INFO - Marking task as SUCCESS. dag_id=data_ingestion_final_project, task_id=bigquery_external_table_task, execution_date=20230404T173437, start_date=20230404T173503, end_date=20230404T173504
[2023-04-04T17:35:04.247+0000] {local_task_job.py:159} INFO - Task exited with return code 0
[2023-04-04T17:35:04.284+0000] {taskinstance.py:2623} INFO - 1 downstream tasks scheduled from follow-on schedule check
