[2023-04-04T18:07:35.366+0000] {taskinstance.py:1165} INFO - Dependencies all met for <TaskInstance: data_ingestion_final_project.bigquery_external_table_task manual__2023-04-04T18:07:00.147143+00:00 [queued]>
[2023-04-04T18:07:35.432+0000] {taskinstance.py:1165} INFO - Dependencies all met for <TaskInstance: data_ingestion_final_project.bigquery_external_table_task manual__2023-04-04T18:07:00.147143+00:00 [queued]>
[2023-04-04T18:07:35.433+0000] {taskinstance.py:1362} INFO - 
--------------------------------------------------------------------------------
[2023-04-04T18:07:35.433+0000] {taskinstance.py:1363} INFO - Starting attempt 1 of 2
[2023-04-04T18:07:35.433+0000] {taskinstance.py:1364} INFO - 
--------------------------------------------------------------------------------
[2023-04-04T18:07:35.511+0000] {taskinstance.py:1383} INFO - Executing <Task(BigQueryCreateExternalTableOperator): bigquery_external_table_task> on 2023-04-04 18:07:00.147143+00:00
[2023-04-04T18:07:35.547+0000] {standard_task_runner.py:55} INFO - Started process 212 to run task
[2023-04-04T18:07:35.582+0000] {standard_task_runner.py:82} INFO - Running: ['***', 'tasks', 'run', 'data_ingestion_final_project', 'bigquery_external_table_task', 'manual__2023-04-04T18:07:00.147143+00:00', '--job-id', '46', '--raw', '--subdir', 'DAGS_FOLDER/data_ingestion_final_project.py', '--cfg-path', '/tmp/tmp6awajo83']
[2023-04-04T18:07:35.594+0000] {standard_task_runner.py:83} INFO - Job 46: Subtask bigquery_external_table_task
[2023-04-04T18:07:35.793+0000] {task_command.py:376} INFO - Running <TaskInstance: data_ingestion_final_project.bigquery_external_table_task manual__2023-04-04T18:07:00.147143+00:00 [running]> on host de0aa116b028
[2023-04-04T18:07:36.136+0000] {taskinstance.py:1592} INFO - Exporting the following env vars:
AIRFLOW_CTX_DAG_OWNER=***
AIRFLOW_CTX_DAG_ID=data_ingestion_final_project
AIRFLOW_CTX_TASK_ID=bigquery_external_table_task
AIRFLOW_CTX_EXECUTION_DATE=2023-04-04T18:07:00.147143+00:00
AIRFLOW_CTX_TRY_NUMBER=1
AIRFLOW_CTX_DAG_RUN_ID=manual__2023-04-04T18:07:00.147143+00:00
[2023-04-04T18:07:36.147+0000] {crypto.py:84} WARNING - empty cryptography key - values will not be stored encrypted.
[2023-04-04T18:07:36.149+0000] {base.py:71} INFO - Using connection ID 'google_cloud_default' for task execution.
[2023-04-04T18:07:36.736+0000] {taskinstance.py:1406} INFO - Marking task as SUCCESS. dag_id=data_ingestion_final_project, task_id=bigquery_external_table_task, execution_date=20230404T180700, start_date=20230404T180735, end_date=20230404T180736
[2023-04-04T18:07:36.804+0000] {local_task_job.py:159} INFO - Task exited with return code 0
[2023-04-04T18:07:36.850+0000] {taskinstance.py:2623} INFO - 1 downstream tasks scheduled from follow-on schedule check
